<?xml version="1.0" encoding="UTF-8"?>
<!-- Generated by org.testng.reporters.JUnitXMLReporter -->
<testsuite ignored="0" hostname="Rahul-Ramagiri" failures="2" tests="23" name="Test" time="516.593" errors="0" timestamp="2024-05-07T22:27:09 IST">
  <testcase classname="LumaTestCases.LumaLoginTest" name="LoginTestR" time="13.275"/>
  <testcase classname="LumaTestCases.LumaLoginTest" name="LoginWithInvalidCred" time="9.417"/>
  <testcase classname="LumaTestCases.ProfileTest" name="ValidateProfilePicUpdate" time="29.149"/>
  <testcase classname="LumaTestCases.ProfileTest" name="validateEditProfileSettings" time="0.94"/>
  <testcase classname="LumaTestCases.ProfileTest" name="ValidateChangePassoword" time="0.513"/>
  <testcase classname="LumaTestCases.CreateLumaAccounTest" name="CreateAccounTest" time="24.558"/>
  <testcase classname="LumaTestCases.CreateLumaAccounTest" name="ValidateCreateAccountWithEmail" time="5.576"/>
  <testcase classname="LumaTestCases.CheckOutItems" name="ValidateAddCart" time="30.83"/>
  <testcase classname="LumaTestCases.CheckOutItems" name="ValidateOrderPlaceMent" time="19.167"/>
  <testcase classname="LumaTestCases.CheckOutItems" name="ValidateRemoveFromCart" time="20.544"/>
  <testcase classname="LumaTestCases.AboutUsTestCase" name="ValidateAbouts" time="3.091"/>
  <testcase classname="LumaTestCases.AboutUsTestCase" name="ValidateContactLuma" time="7.153"/>
  <testcase classname="LumaTestCases.AboutUsTestCase" name="ValidateCoustmerService" time="5.648"/>
  <testcase classname="LumaTestCases.AboutUsTestCase" name="ValidatePrivacyPolicy" time="5.555"/>
  <testcase classname="LumaTestCases.LumaLogoutTest" name="ValidateLumaLogout" time="0.048">
    <failure type="org.openqa.selenium.NoSuchElementException" message="no such element: Unable to locate element: {&amp;quot;method&amp;quot;:&amp;quot;xpath&amp;quot;,&amp;quot;selector&amp;quot;:&amp;quot;//*[@id=&amp;quot;top&amp;quot;]/div[1]/div/ul[2]/li[2]/a&amp;quot;}
  (Session info: chrome=124.0.6367.119)
For documentation on this error, please visit: https://www.selenium.dev/documentation/webdriver/troubleshooting/errors#no-such-element-exception
Build info: version: &amp;apos;4.19.1&amp;apos;, revision: &amp;apos;abe0ee07dc&amp;apos;
System info: os.name: &amp;apos;Windows 11&amp;apos;, os.arch: &amp;apos;amd64&amp;apos;, os.version: &amp;apos;10.0&amp;apos;, java.version: &amp;apos;17.0.10&amp;apos;
Driver info: org.openqa.selenium.chrome.ChromeDriver
Command: [294096f8ef465b09d670a1257b0b2d7a, findElement {using=xpath, value=//*[@id=&amp;quot;top&amp;quot;]/div[1]/div/ul[2]/li[2]/a}]
Capabilities {acceptInsecureCerts: false, browserName: chrome, browserVersion: 124.0.6367.119, chrome: {chromedriverVersion: 124.0.6367.91 (51df0e5e17a8..., userDataDir: C:\Users\Rahul\AppData\Loca...}, fedcm:accounts: true, goog:chromeOptions: {debuggerAddress: localhost:60157}, networkConnectionEnabled: false, pageLoadStrategy: normal, platformName: windows, proxy: Proxy(), se:cdp: ws://localhost:60157/devtoo..., se:cdpVersion: 124.0.6367.119, setWindowRect: true, strictFileInteractability: false, timeouts: {implicit: 0, pageLoad: 300000, script: 30000}, unhandledPromptBehavior: dismiss and notify, webauthn:extension:credBlob: true, webauthn:extension:largeBlob: true, webauthn:extension:minPinLength: true, webauthn:extension:prf: true, webauthn:virtualAuthenticators: true}
Session ID: 294096f8ef465b09d670a1257b0b2d7a">
      <![CDATA[org.openqa.selenium.NoSuchElementException: no such element: Unable to locate element: {"method":"xpath","selector":"//*[@id="top"]/div[1]/div/ul[2]/li[2]/a"}
  (Session info: chrome=124.0.6367.119)
For documentation on this error, please visit: https://www.selenium.dev/documentation/webdriver/troubleshooting/errors#no-such-element-exception
Build info: version: '4.19.1', revision: 'abe0ee07dc'
System info: os.name: 'Windows 11', os.arch: 'amd64', os.version: '10.0', java.version: '17.0.10'
Driver info: org.openqa.selenium.chrome.ChromeDriver
Command: [294096f8ef465b09d670a1257b0b2d7a, findElement {using=xpath, value=//*[@id="top"]/div[1]/div/ul[2]/li[2]/a}]
Capabilities {acceptInsecureCerts: false, browserName: chrome, browserVersion: 124.0.6367.119, chrome: {chromedriverVersion: 124.0.6367.91 (51df0e5e17a8..., userDataDir: C:\Users\Rahul\AppData\Loca...}, fedcm:accounts: true, goog:chromeOptions: {debuggerAddress: localhost:60157}, networkConnectionEnabled: false, pageLoadStrategy: normal, platformName: windows, proxy: Proxy(), se:cdp: ws://localhost:60157/devtoo..., se:cdpVersion: 124.0.6367.119, setWindowRect: true, strictFileInteractability: false, timeouts: {implicit: 0, pageLoad: 300000, script: 30000}, unhandledPromptBehavior: dismiss and notify, webauthn:extension:credBlob: true, webauthn:extension:largeBlob: true, webauthn:extension:minPinLength: true, webauthn:extension:prf: true, webauthn:virtualAuthenticators: true}
Session ID: 294096f8ef465b09d670a1257b0b2d7a
at org.openqa.selenium.remote.ErrorCodec.decode(ErrorCodec.java:167)
at org.openqa.selenium.remote.codec.w3c.W3CHttpResponseCodec.decode(W3CHttpResponseCodec.java:138)
at org.openqa.selenium.remote.codec.w3c.W3CHttpResponseCodec.decode(W3CHttpResponseCodec.java:50)
at org.openqa.selenium.remote.HttpCommandExecutor.execute(HttpCommandExecutor.java:190)
at org.openqa.selenium.remote.service.DriverCommandExecutor.invokeExecute(DriverCommandExecutor.java:216)
at org.openqa.selenium.remote.service.DriverCommandExecutor.execute(DriverCommandExecutor.java:174)
at org.openqa.selenium.remote.RemoteWebDriver.execute(RemoteWebDriver.java:518)
at org.openqa.selenium.remote.ElementLocation$ElementFinder$2.findElement(ElementLocation.java:165)
at org.openqa.selenium.remote.ElementLocation.findElement(ElementLocation.java:59)
at org.openqa.selenium.remote.RemoteWebDriver.findElement(RemoteWebDriver.java:355)
at org.openqa.selenium.remote.RemoteWebDriver.findElement(RemoteWebDriver.java:349)
at org.openqa.selenium.support.pagefactory.DefaultElementLocator.findElement(DefaultElementLocator.java:68)
at org.openqa.selenium.support.pagefactory.internal.LocatingElementHandler.invoke(LocatingElementHandler.java:38)
at jdk.proxy2/jdk.proxy2.$Proxy12.click(Unknown Source)
at LumaPages.LoginPage.ClickOnLoginBtn(LoginPage.java:64)
at LumaTestCases.LumaLogoutTest.ValidateLumaLogout(LumaLogoutTest.java:36)
at java.base/java.util.ArrayList.forEach(ArrayList.java:1511)
... Removed 32 stack frames]]>
    </failure>
  </testcase> <!-- ValidateLumaLogout -->
  <testcase classname="LumaTestCases.CheckOutAllGendersShop" name="CheckOutWomenItems" time="63.378"/>
  <testcase classname="LumaTestCases.CheckOutAllGendersShop" name="CheckOutMensItems" time="46.733"/>
  <testcase classname="LumaTestCases.CheckOutAllGendersShop" name="CheckoutMensItemsBottom" time="39.685"/>
  <testcase classname="LumaTestCases.CheckOutAllGendersShop" name="CheckOutEquipmentsItems" time="39.799"/>
  <testcase classname="RoughPkg.Tests" name="DataDriven" time="0.0">
    <failure type="java.io.FileNotFoundException" message="C:\Users\Rahul\eclipse-workspace\PomProject\src\test\resources\TestData\TestData.xlsx (The system cannot find the file specified)">
      <![CDATA[java.io.FileNotFoundException: C:\Users\Rahul\eclipse-workspace\PomProject\src\test\resources\TestData\TestData.xlsx (The system cannot find the file specified)
at java.base/java.io.FileInputStream.open0(Native Method)
at java.base/java.io.FileInputStream.open(FileInputStream.java:216)
at java.base/java.io.FileInputStream.<init>(FileInputStream.java:157)
at RoughPkg.Tests.DataDriven(Tests.java:41)
at java.base/java.util.ArrayList.forEach(ArrayList.java:1511)
... Removed 27 stack frames]]>
    </failure>
  </testcase> <!-- DataDriven -->
  <testcase classname="LumaTestCases.BlogTestCase" name="ValidateBlog1" time="6.899"/>
  <testcase classname="LumaTestCases.BlogTestCase" name="ValidateBlog2" time="5.702"/>
  <testcase classname="LumaTestCases.BlogTestCase" name="ValidateBlog3" time="5.439"/>
</testsuite> <!-- Test -->
