<?xml version="1.0" encoding="UTF-8"?>
<!-- Generated by org.testng.reporters.JUnitXMLReporter -->
<testsuite ignored="0" hostname="Rahul-Ramagiri" failures="6" tests="26" name="Test" time="373.62" errors="0" timestamp="2024-05-16T20:26:44 IST">
  <testcase classname="LumaTestCases.LumaLoginTest" name="LoginTestR" time="9.318"/>
  <testcase classname="LumaTestCases.LumaLoginTest" name="ValidateLogoutFuntionlity" time="3.755"/>
  <testcase classname="LumaTestCases.LumaLoginTest" name="LoginWithInvalidCred" time="5.817"/>
  <testcase classname="LumaTestCases.LumaLoginTest" name="Login_With_FaceBook" time="2.823"/>
  <testcase classname="LumaTestCases.LumaLoginTest" name="Login_With_Twitter" time="2.655">
    <failure type="java.lang.AssertionError" message="expected [https://twitter.com/login] but found [https://luma.enablementadobe.com/var/community/cloudservices/twitterconnect.login.html/j_security_check?configid=a9dea3b044e912071cbffd4839016d2e]">
      <![CDATA[java.lang.AssertionError: expected [https://twitter.com/login] but found [https://luma.enablementadobe.com/var/community/cloudservices/twitterconnect.login.html/j_security_check?configid=a9dea3b044e912071cbffd4839016d2e]
at LumaPages.LoginPage.Clikc_Sign_inWithTwitter(LoginPage.java:160)
at LumaTestCases.LumaLoginTest.Login_With_Twitter(LumaLoginTest.java:105)
at java.base/java.util.ArrayList.forEach(ArrayList.java:1511)
... Removed 33 stack frames]]>
    </failure>
  </testcase> <!-- Login_With_Twitter -->
  <testcase classname="LumaTestCases.ProfileTest" name="ValidateProfilePicUpdate" time="20.586"/>
  <testcase classname="LumaTestCases.ProfileTest" name="validateEditProfileSettings" time="1.206"/>
  <testcase classname="LumaTestCases.ProfileTest" name="ValidateChangePassoword" time="2.014"/>
  <testcase classname="LumaTestCases.AboutUsTestCase" name="ValidateAbouts" time="3.313"/>
  <testcase classname="LumaTestCases.AboutUsTestCase" name="ValidateContactLuma" time="7.147"/>
  <testcase classname="LumaTestCases.AboutUsTestCase" name="ValidateCoustmerService" time="6.043"/>
  <testcase classname="LumaTestCases.AboutUsTestCase" name="ValidatePrivacyPolicy" time="5.67"/>
  <testcase classname="LumaTestCases.CheckOutItems" name="ValidateAddCart" time="19.963"/>
  <testcase classname="LumaTestCases.CheckOutItems" name="ValidateCheckOutButton" time="6.842"/>
  <testcase classname="LumaTestCases.CheckOutItems" name="EnterCheckOutInfo" time="9.272"/>
  <testcase classname="LumaTestCases.CheckOutItems" name="ValidateRemoveFromCart" time="14.165"/>
  <testcase classname="LumaTestCases.CreateLumaAccounTest" name="CreateAccounTest" time="9.225"/>
  <testcase classname="LumaTestCases.CreateLumaAccounTest" name="ValidateCreateAccountWithEmail" time="5.669"/>
  <testcase classname="RoughPkg.Tests" name="testHelloWorld" time="10.063">
    <failure type="org.openqa.selenium.NoSuchElementException" message="no such element: Unable to locate element: {&amp;quot;method&amp;quot;:&amp;quot;xpath&amp;quot;,&amp;quot;selector&amp;quot;:&amp;quot;//*[@id=&amp;apos;navigation-d056804942&amp;apos;]/ul/li[7]/a&amp;quot;}
  (Session info: chrome=125.0.6422.61)
For documentation on this error, please visit: https://www.selenium.dev/documentation/webdriver/troubleshooting/errors#no-such-element-exception
Build info: version: &amp;apos;4.19.1&amp;apos;, revision: &amp;apos;abe0ee07dc&amp;apos;
System info: os.name: &amp;apos;Windows 11&amp;apos;, os.arch: &amp;apos;amd64&amp;apos;, os.version: &amp;apos;10.0&amp;apos;, java.version: &amp;apos;17.0.10&amp;apos;
Driver info: org.openqa.selenium.chrome.ChromeDriver
Command: [01de7603f487abd011f7e10c494bc1af, findElement {value=//*[@id=&amp;apos;navigation-d056804942&amp;apos;]/ul/li[7]/a, using=xpath}]
Capabilities {acceptInsecureCerts: true, browserName: chrome, browserVersion: 125.0.6422.61, chrome: {chromedriverVersion: 125.0.6422.60 (3ac3319bff9f..., userDataDir: C:\Users\Rahul\AppData\Loca...}, fedcm:accounts: true, goog:chromeOptions: {debuggerAddress: localhost:53877}, networkConnectionEnabled: false, pageLoadStrategy: normal, platformName: windows, proxy: Proxy(), se:cdp: ws://localhost:53877/devtoo..., se:cdpVersion: 125.0.6422.61, setWindowRect: true, strictFileInteractability: false, timeouts: {implicit: 0, pageLoad: 300000, script: 30000}, unhandledPromptBehavior: dismiss and notify, webauthn:extension:credBlob: true, webauthn:extension:largeBlob: true, webauthn:extension:minPinLength: true, webauthn:extension:prf: true, webauthn:virtualAuthenticators: true}
Session ID: 01de7603f487abd011f7e10c494bc1af">
      <![CDATA[org.openqa.selenium.NoSuchElementException: no such element: Unable to locate element: {"method":"xpath","selector":"//*[@id='navigation-d056804942']/ul/li[7]/a"}
  (Session info: chrome=125.0.6422.61)
For documentation on this error, please visit: https://www.selenium.dev/documentation/webdriver/troubleshooting/errors#no-such-element-exception
Build info: version: '4.19.1', revision: 'abe0ee07dc'
System info: os.name: 'Windows 11', os.arch: 'amd64', os.version: '10.0', java.version: '17.0.10'
Driver info: org.openqa.selenium.chrome.ChromeDriver
Command: [01de7603f487abd011f7e10c494bc1af, findElement {value=//*[@id='navigation-d056804942']/ul/li[7]/a, using=xpath}]
Capabilities {acceptInsecureCerts: true, browserName: chrome, browserVersion: 125.0.6422.61, chrome: {chromedriverVersion: 125.0.6422.60 (3ac3319bff9f..., userDataDir: C:\Users\Rahul\AppData\Loca...}, fedcm:accounts: true, goog:chromeOptions: {debuggerAddress: localhost:53877}, networkConnectionEnabled: false, pageLoadStrategy: normal, platformName: windows, proxy: Proxy(), se:cdp: ws://localhost:53877/devtoo..., se:cdpVersion: 125.0.6422.61, setWindowRect: true, strictFileInteractability: false, timeouts: {implicit: 0, pageLoad: 300000, script: 30000}, unhandledPromptBehavior: dismiss and notify, webauthn:extension:credBlob: true, webauthn:extension:largeBlob: true, webauthn:extension:minPinLength: true, webauthn:extension:prf: true, webauthn:virtualAuthenticators: true}
Session ID: 01de7603f487abd011f7e10c494bc1af
at org.openqa.selenium.remote.ErrorCodec.decode(ErrorCodec.java:167)
at org.openqa.selenium.remote.codec.w3c.W3CHttpResponseCodec.decode(W3CHttpResponseCodec.java:138)
at org.openqa.selenium.remote.codec.w3c.W3CHttpResponseCodec.decode(W3CHttpResponseCodec.java:50)
at org.openqa.selenium.remote.HttpCommandExecutor.execute(HttpCommandExecutor.java:190)
at org.openqa.selenium.remote.service.DriverCommandExecutor.invokeExecute(DriverCommandExecutor.java:216)
at org.openqa.selenium.remote.service.DriverCommandExecutor.execute(DriverCommandExecutor.java:174)
at org.openqa.selenium.remote.RemoteWebDriver.execute(RemoteWebDriver.java:518)
at org.openqa.selenium.remote.ElementLocation$ElementFinder$2.findElement(ElementLocation.java:165)
at org.openqa.selenium.remote.ElementLocation.findElement(ElementLocation.java:59)
at org.openqa.selenium.remote.RemoteWebDriver.findElement(RemoteWebDriver.java:355)
at org.openqa.selenium.remote.RemoteWebDriver.findElement(RemoteWebDriver.java:349)
at RoughPkg.Tests.testHelloWorld(Tests.java:51)
at java.base/java.util.ArrayList.forEach(ArrayList.java:1511)
... Removed 32 stack frames]]>
    </failure>
  </testcase> <!-- testHelloWorld -->
  <testcase classname="LumaTestCases.CheckOutAllGendersShop" name="CheckOutWomenItems" time="32.685">
    <failure type="org.openqa.selenium.NoSuchSessionException" message="Session ID is null. Using WebDriver after calling quit()?
Build info: version: &amp;apos;4.19.1&amp;apos;, revision: &amp;apos;abe0ee07dc&amp;apos;
System info: os.name: &amp;apos;Windows 11&amp;apos;, os.arch: &amp;apos;amd64&amp;apos;, os.version: &amp;apos;10.0&amp;apos;, java.version: &amp;apos;17.0.10&amp;apos;
Driver info: org.openqa.selenium.chrome.ChromeDriver
Command: [null, findElement {value=//input[@id=&amp;apos;form-text-260762246&amp;apos;], using=xpath}]
Capabilities {acceptInsecureCerts: true, browserName: chrome, browserVersion: 125.0.6422.61, chrome: {chromedriverVersion: 125.0.6422.60 (3ac3319bff9f..., userDataDir: C:\Users\Rahul\AppData\Loca...}, fedcm:accounts: true, goog:chromeOptions: {debuggerAddress: localhost:53753}, networkConnectionEnabled: false, pageLoadStrategy: normal, platformName: windows, proxy: Proxy(), se:cdp: ws://localhost:53753/devtoo..., se:cdpVersion: 125.0.6422.61, setWindowRect: true, strictFileInteractability: false, timeouts: {implicit: 0, pageLoad: 300000, script: 30000}, unhandledPromptBehavior: dismiss and notify, webauthn:extension:credBlob: true, webauthn:extension:largeBlob: true, webauthn:extension:minPinLength: true, webauthn:extension:prf: true, webauthn:virtualAuthenticators: true}">
      <![CDATA[org.openqa.selenium.NoSuchSessionException: Session ID is null. Using WebDriver after calling quit()?
Build info: version: '4.19.1', revision: 'abe0ee07dc'
System info: os.name: 'Windows 11', os.arch: 'amd64', os.version: '10.0', java.version: '17.0.10'
Driver info: org.openqa.selenium.chrome.ChromeDriver
Command: [null, findElement {value=//input[@id='form-text-260762246'], using=xpath}]
Capabilities {acceptInsecureCerts: true, browserName: chrome, browserVersion: 125.0.6422.61, chrome: {chromedriverVersion: 125.0.6422.60 (3ac3319bff9f..., userDataDir: C:\Users\Rahul\AppData\Loca...}, fedcm:accounts: true, goog:chromeOptions: {debuggerAddress: localhost:53753}, networkConnectionEnabled: false, pageLoadStrategy: normal, platformName: windows, proxy: Proxy(), se:cdp: ws://localhost:53753/devtoo..., se:cdpVersion: 125.0.6422.61, setWindowRect: true, strictFileInteractability: false, timeouts: {implicit: 0, pageLoad: 300000, script: 30000}, unhandledPromptBehavior: dismiss and notify, webauthn:extension:credBlob: true, webauthn:extension:largeBlob: true, webauthn:extension:minPinLength: true, webauthn:extension:prf: true, webauthn:virtualAuthenticators: true}
at org.openqa.selenium.remote.HttpCommandExecutor.execute(HttpCommandExecutor.java:151)
at org.openqa.selenium.remote.service.DriverCommandExecutor.invokeExecute(DriverCommandExecutor.java:216)
at org.openqa.selenium.remote.service.DriverCommandExecutor.execute(DriverCommandExecutor.java:174)
at org.openqa.selenium.remote.RemoteWebDriver.execute(RemoteWebDriver.java:518)
at org.openqa.selenium.remote.ElementLocation$ElementFinder$2.findElement(ElementLocation.java:165)
at org.openqa.selenium.remote.ElementLocation.findElement(ElementLocation.java:59)
at org.openqa.selenium.remote.RemoteWebDriver.findElement(RemoteWebDriver.java:355)
at org.openqa.selenium.remote.RemoteWebDriver.findElement(RemoteWebDriver.java:349)
at org.openqa.selenium.support.pagefactory.DefaultElementLocator.findElement(DefaultElementLocator.java:68)
at org.openqa.selenium.support.pagefactory.internal.LocatingElementHandler.invoke(LocatingElementHandler.java:38)
at jdk.proxy2/jdk.proxy2.$Proxy29.isDisplayed(Unknown Source)
at org.openqa.selenium.support.ui.ExpectedConditions.elementIfVisible(ExpectedConditions.java:304)
at org.openqa.selenium.support.ui.ExpectedConditions$10.apply(ExpectedConditions.java:290)
at org.openqa.selenium.support.ui.ExpectedConditions$10.apply(ExpectedConditions.java:287)
at org.openqa.selenium.support.ui.FluentWait.until(FluentWait.java:203)
at LumaPages.ShopNowPage.EnterFname(ShopNowPage.java:149)
at LumaTestCases.CheckOutItems.EnterCheckOutInfo(CheckOutItems.java:73)
at LumaTestCases.CheckOutAllGendersShop.CheckOutWomenItems(CheckOutAllGendersShop.java:56)
at java.base/java.util.ArrayList.forEach(ArrayList.java:1511)
... Removed 27 stack frames]]>
    </failure>
  </testcase> <!-- CheckOutWomenItems -->
  <testcase classname="LumaTestCases.CheckOutAllGendersShop" name="CheckOutMensItems" time="22.722">
    <failure type="org.openqa.selenium.NoSuchSessionException" message="Session ID is null. Using WebDriver after calling quit()?
Build info: version: &amp;apos;4.19.1&amp;apos;, revision: &amp;apos;abe0ee07dc&amp;apos;
System info: os.name: &amp;apos;Windows 11&amp;apos;, os.arch: &amp;apos;amd64&amp;apos;, os.version: &amp;apos;10.0&amp;apos;, java.version: &amp;apos;17.0.10&amp;apos;
Driver info: org.openqa.selenium.chrome.ChromeDriver
Command: [null, findElement {value=//input[@id=&amp;apos;form-text-260762246&amp;apos;], using=xpath}]
Capabilities {acceptInsecureCerts: true, browserName: chrome, browserVersion: 125.0.6422.61, chrome: {chromedriverVersion: 125.0.6422.60 (3ac3319bff9f..., userDataDir: C:\Users\Rahul\AppData\Loca...}, fedcm:accounts: true, goog:chromeOptions: {debuggerAddress: localhost:53753}, networkConnectionEnabled: false, pageLoadStrategy: normal, platformName: windows, proxy: Proxy(), se:cdp: ws://localhost:53753/devtoo..., se:cdpVersion: 125.0.6422.61, setWindowRect: true, strictFileInteractability: false, timeouts: {implicit: 0, pageLoad: 300000, script: 30000}, unhandledPromptBehavior: dismiss and notify, webauthn:extension:credBlob: true, webauthn:extension:largeBlob: true, webauthn:extension:minPinLength: true, webauthn:extension:prf: true, webauthn:virtualAuthenticators: true}">
      <![CDATA[org.openqa.selenium.NoSuchSessionException: Session ID is null. Using WebDriver after calling quit()?
Build info: version: '4.19.1', revision: 'abe0ee07dc'
System info: os.name: 'Windows 11', os.arch: 'amd64', os.version: '10.0', java.version: '17.0.10'
Driver info: org.openqa.selenium.chrome.ChromeDriver
Command: [null, findElement {value=//input[@id='form-text-260762246'], using=xpath}]
Capabilities {acceptInsecureCerts: true, browserName: chrome, browserVersion: 125.0.6422.61, chrome: {chromedriverVersion: 125.0.6422.60 (3ac3319bff9f..., userDataDir: C:\Users\Rahul\AppData\Loca...}, fedcm:accounts: true, goog:chromeOptions: {debuggerAddress: localhost:53753}, networkConnectionEnabled: false, pageLoadStrategy: normal, platformName: windows, proxy: Proxy(), se:cdp: ws://localhost:53753/devtoo..., se:cdpVersion: 125.0.6422.61, setWindowRect: true, strictFileInteractability: false, timeouts: {implicit: 0, pageLoad: 300000, script: 30000}, unhandledPromptBehavior: dismiss and notify, webauthn:extension:credBlob: true, webauthn:extension:largeBlob: true, webauthn:extension:minPinLength: true, webauthn:extension:prf: true, webauthn:virtualAuthenticators: true}
at org.openqa.selenium.remote.HttpCommandExecutor.execute(HttpCommandExecutor.java:151)
at org.openqa.selenium.remote.service.DriverCommandExecutor.invokeExecute(DriverCommandExecutor.java:216)
at org.openqa.selenium.remote.service.DriverCommandExecutor.execute(DriverCommandExecutor.java:174)
at org.openqa.selenium.remote.RemoteWebDriver.execute(RemoteWebDriver.java:518)
at org.openqa.selenium.remote.ElementLocation$ElementFinder$2.findElement(ElementLocation.java:165)
at org.openqa.selenium.remote.ElementLocation.findElement(ElementLocation.java:59)
at org.openqa.selenium.remote.RemoteWebDriver.findElement(RemoteWebDriver.java:355)
at org.openqa.selenium.remote.RemoteWebDriver.findElement(RemoteWebDriver.java:349)
at org.openqa.selenium.support.pagefactory.DefaultElementLocator.findElement(DefaultElementLocator.java:68)
at org.openqa.selenium.support.pagefactory.internal.LocatingElementHandler.invoke(LocatingElementHandler.java:38)
at jdk.proxy2/jdk.proxy2.$Proxy29.isDisplayed(Unknown Source)
at org.openqa.selenium.support.ui.ExpectedConditions.elementIfVisible(ExpectedConditions.java:304)
at org.openqa.selenium.support.ui.ExpectedConditions$10.apply(ExpectedConditions.java:290)
at org.openqa.selenium.support.ui.ExpectedConditions$10.apply(ExpectedConditions.java:287)
at org.openqa.selenium.support.ui.FluentWait.until(FluentWait.java:203)
at LumaPages.ShopNowPage.EnterFname(ShopNowPage.java:149)
at LumaTestCases.CheckOutItems.EnterCheckOutInfo(CheckOutItems.java:73)
at LumaTestCases.CheckOutAllGendersShop.CheckOutMensItems(CheckOutAllGendersShop.java:91)
at java.base/java.util.ArrayList.forEach(ArrayList.java:1511)
... Removed 27 stack frames]]>
    </failure>
  </testcase> <!-- CheckOutMensItems -->
  <testcase classname="LumaTestCases.CheckOutAllGendersShop" name="CheckoutMensItemsBottom" time="21.414">
    <failure type="org.openqa.selenium.NoSuchSessionException" message="Session ID is null. Using WebDriver after calling quit()?
Build info: version: &amp;apos;4.19.1&amp;apos;, revision: &amp;apos;abe0ee07dc&amp;apos;
System info: os.name: &amp;apos;Windows 11&amp;apos;, os.arch: &amp;apos;amd64&amp;apos;, os.version: &amp;apos;10.0&amp;apos;, java.version: &amp;apos;17.0.10&amp;apos;
Driver info: org.openqa.selenium.chrome.ChromeDriver
Command: [null, findElement {value=//input[@id=&amp;apos;form-text-260762246&amp;apos;], using=xpath}]
Capabilities {acceptInsecureCerts: true, browserName: chrome, browserVersion: 125.0.6422.61, chrome: {chromedriverVersion: 125.0.6422.60 (3ac3319bff9f..., userDataDir: C:\Users\Rahul\AppData\Loca...}, fedcm:accounts: true, goog:chromeOptions: {debuggerAddress: localhost:53753}, networkConnectionEnabled: false, pageLoadStrategy: normal, platformName: windows, proxy: Proxy(), se:cdp: ws://localhost:53753/devtoo..., se:cdpVersion: 125.0.6422.61, setWindowRect: true, strictFileInteractability: false, timeouts: {implicit: 0, pageLoad: 300000, script: 30000}, unhandledPromptBehavior: dismiss and notify, webauthn:extension:credBlob: true, webauthn:extension:largeBlob: true, webauthn:extension:minPinLength: true, webauthn:extension:prf: true, webauthn:virtualAuthenticators: true}">
      <![CDATA[org.openqa.selenium.NoSuchSessionException: Session ID is null. Using WebDriver after calling quit()?
Build info: version: '4.19.1', revision: 'abe0ee07dc'
System info: os.name: 'Windows 11', os.arch: 'amd64', os.version: '10.0', java.version: '17.0.10'
Driver info: org.openqa.selenium.chrome.ChromeDriver
Command: [null, findElement {value=//input[@id='form-text-260762246'], using=xpath}]
Capabilities {acceptInsecureCerts: true, browserName: chrome, browserVersion: 125.0.6422.61, chrome: {chromedriverVersion: 125.0.6422.60 (3ac3319bff9f..., userDataDir: C:\Users\Rahul\AppData\Loca...}, fedcm:accounts: true, goog:chromeOptions: {debuggerAddress: localhost:53753}, networkConnectionEnabled: false, pageLoadStrategy: normal, platformName: windows, proxy: Proxy(), se:cdp: ws://localhost:53753/devtoo..., se:cdpVersion: 125.0.6422.61, setWindowRect: true, strictFileInteractability: false, timeouts: {implicit: 0, pageLoad: 300000, script: 30000}, unhandledPromptBehavior: dismiss and notify, webauthn:extension:credBlob: true, webauthn:extension:largeBlob: true, webauthn:extension:minPinLength: true, webauthn:extension:prf: true, webauthn:virtualAuthenticators: true}
at org.openqa.selenium.remote.HttpCommandExecutor.execute(HttpCommandExecutor.java:151)
at org.openqa.selenium.remote.service.DriverCommandExecutor.invokeExecute(DriverCommandExecutor.java:216)
at org.openqa.selenium.remote.service.DriverCommandExecutor.execute(DriverCommandExecutor.java:174)
at org.openqa.selenium.remote.RemoteWebDriver.execute(RemoteWebDriver.java:518)
at org.openqa.selenium.remote.ElementLocation$ElementFinder$2.findElement(ElementLocation.java:165)
at org.openqa.selenium.remote.ElementLocation.findElement(ElementLocation.java:59)
at org.openqa.selenium.remote.RemoteWebDriver.findElement(RemoteWebDriver.java:355)
at org.openqa.selenium.remote.RemoteWebDriver.findElement(RemoteWebDriver.java:349)
at org.openqa.selenium.support.pagefactory.DefaultElementLocator.findElement(DefaultElementLocator.java:68)
at org.openqa.selenium.support.pagefactory.internal.LocatingElementHandler.invoke(LocatingElementHandler.java:38)
at jdk.proxy2/jdk.proxy2.$Proxy29.isDisplayed(Unknown Source)
at org.openqa.selenium.support.ui.ExpectedConditions.elementIfVisible(ExpectedConditions.java:304)
at org.openqa.selenium.support.ui.ExpectedConditions$10.apply(ExpectedConditions.java:290)
at org.openqa.selenium.support.ui.ExpectedConditions$10.apply(ExpectedConditions.java:287)
at org.openqa.selenium.support.ui.FluentWait.until(FluentWait.java:203)
at LumaPages.ShopNowPage.EnterFname(ShopNowPage.java:149)
at LumaTestCases.CheckOutItems.EnterCheckOutInfo(CheckOutItems.java:73)
at LumaTestCases.CheckOutAllGendersShop.CheckoutMensItemsBottom(CheckOutAllGendersShop.java:128)
at java.base/java.util.ArrayList.forEach(ArrayList.java:1511)
... Removed 27 stack frames]]>
    </failure>
  </testcase> <!-- CheckoutMensItemsBottom -->
  <testcase classname="LumaTestCases.CheckOutAllGendersShop" name="CheckOutEquipmentsItems" time="19.379">
    <failure type="org.openqa.selenium.NoSuchSessionException" message="Session ID is null. Using WebDriver after calling quit()?
Build info: version: &amp;apos;4.19.1&amp;apos;, revision: &amp;apos;abe0ee07dc&amp;apos;
System info: os.name: &amp;apos;Windows 11&amp;apos;, os.arch: &amp;apos;amd64&amp;apos;, os.version: &amp;apos;10.0&amp;apos;, java.version: &amp;apos;17.0.10&amp;apos;
Driver info: org.openqa.selenium.chrome.ChromeDriver
Command: [null, findElement {value=//input[@id=&amp;apos;form-text-260762246&amp;apos;], using=xpath}]
Capabilities {acceptInsecureCerts: true, browserName: chrome, browserVersion: 125.0.6422.61, chrome: {chromedriverVersion: 125.0.6422.60 (3ac3319bff9f..., userDataDir: C:\Users\Rahul\AppData\Loca...}, fedcm:accounts: true, goog:chromeOptions: {debuggerAddress: localhost:53753}, networkConnectionEnabled: false, pageLoadStrategy: normal, platformName: windows, proxy: Proxy(), se:cdp: ws://localhost:53753/devtoo..., se:cdpVersion: 125.0.6422.61, setWindowRect: true, strictFileInteractability: false, timeouts: {implicit: 0, pageLoad: 300000, script: 30000}, unhandledPromptBehavior: dismiss and notify, webauthn:extension:credBlob: true, webauthn:extension:largeBlob: true, webauthn:extension:minPinLength: true, webauthn:extension:prf: true, webauthn:virtualAuthenticators: true}">
      <![CDATA[org.openqa.selenium.NoSuchSessionException: Session ID is null. Using WebDriver after calling quit()?
Build info: version: '4.19.1', revision: 'abe0ee07dc'
System info: os.name: 'Windows 11', os.arch: 'amd64', os.version: '10.0', java.version: '17.0.10'
Driver info: org.openqa.selenium.chrome.ChromeDriver
Command: [null, findElement {value=//input[@id='form-text-260762246'], using=xpath}]
Capabilities {acceptInsecureCerts: true, browserName: chrome, browserVersion: 125.0.6422.61, chrome: {chromedriverVersion: 125.0.6422.60 (3ac3319bff9f..., userDataDir: C:\Users\Rahul\AppData\Loca...}, fedcm:accounts: true, goog:chromeOptions: {debuggerAddress: localhost:53753}, networkConnectionEnabled: false, pageLoadStrategy: normal, platformName: windows, proxy: Proxy(), se:cdp: ws://localhost:53753/devtoo..., se:cdpVersion: 125.0.6422.61, setWindowRect: true, strictFileInteractability: false, timeouts: {implicit: 0, pageLoad: 300000, script: 30000}, unhandledPromptBehavior: dismiss and notify, webauthn:extension:credBlob: true, webauthn:extension:largeBlob: true, webauthn:extension:minPinLength: true, webauthn:extension:prf: true, webauthn:virtualAuthenticators: true}
at org.openqa.selenium.remote.HttpCommandExecutor.execute(HttpCommandExecutor.java:151)
at org.openqa.selenium.remote.service.DriverCommandExecutor.invokeExecute(DriverCommandExecutor.java:216)
at org.openqa.selenium.remote.service.DriverCommandExecutor.execute(DriverCommandExecutor.java:174)
at org.openqa.selenium.remote.RemoteWebDriver.execute(RemoteWebDriver.java:518)
at org.openqa.selenium.remote.ElementLocation$ElementFinder$2.findElement(ElementLocation.java:165)
at org.openqa.selenium.remote.ElementLocation.findElement(ElementLocation.java:59)
at org.openqa.selenium.remote.RemoteWebDriver.findElement(RemoteWebDriver.java:355)
at org.openqa.selenium.remote.RemoteWebDriver.findElement(RemoteWebDriver.java:349)
at org.openqa.selenium.support.pagefactory.DefaultElementLocator.findElement(DefaultElementLocator.java:68)
at org.openqa.selenium.support.pagefactory.internal.LocatingElementHandler.invoke(LocatingElementHandler.java:38)
at jdk.proxy2/jdk.proxy2.$Proxy29.isDisplayed(Unknown Source)
at org.openqa.selenium.support.ui.ExpectedConditions.elementIfVisible(ExpectedConditions.java:304)
at org.openqa.selenium.support.ui.ExpectedConditions$10.apply(ExpectedConditions.java:290)
at org.openqa.selenium.support.ui.ExpectedConditions$10.apply(ExpectedConditions.java:287)
at org.openqa.selenium.support.ui.FluentWait.until(FluentWait.java:203)
at LumaPages.ShopNowPage.EnterFname(ShopNowPage.java:149)
at LumaTestCases.CheckOutItems.EnterCheckOutInfo(CheckOutItems.java:73)
at LumaTestCases.CheckOutAllGendersShop.CheckOutEquipmentsItems(CheckOutAllGendersShop.java:157)
at java.base/java.util.ArrayList.forEach(ArrayList.java:1511)
... Removed 27 stack frames]]>
    </failure>
  </testcase> <!-- CheckOutEquipmentsItems -->
  <testcase classname="LumaTestCases.BlogTestCase" name="ValidateBlog1" time="6.998"/>
  <testcase classname="LumaTestCases.BlogTestCase" name="ValidateBlog2" time="6.693"/>
  <testcase classname="LumaTestCases.BlogTestCase" name="ValidateBlog3" time="6.037"/>
</testsuite> <!-- Test -->
