<?xml version="1.0" encoding="UTF-8"?>
<!-- Generated by org.testng.reporters.JUnitXMLReporter -->
<testsuite ignored="0" hostname="Rahul-Ramagiri" failures="6" tests="24" name="Test" time="364.026" errors="0" timestamp="2024-05-15T17:29:15 IST">
  <testcase classname="LumaTestCases.LumaLoginTest" name="LoginTestR" time="10.057"/>
  <testcase classname="LumaTestCases.LumaLoginTest" name="ValidateLogoutFuntionlity" time="3.804"/>
  <testcase classname="LumaTestCases.LumaLoginTest" name="LoginWithInvalidCred" time="6.318"/>
  <testcase classname="LumaTestCases.LumaLoginTest" name="Login_With_FaceBook" time="2.898"/>
  <testcase classname="LumaTestCases.LumaLoginTest" name="Login_With_Twitter" time="2.511">
    <failure type="java.lang.AssertionError" message="expected [https://twitter.com/login] but found [https://luma.enablementadobe.com/var/community/cloudservices/twitterconnect.login.html/j_security_check?configid=a9dea3b044e912071cbffd4839016d2e]">
      <![CDATA[java.lang.AssertionError: expected [https://twitter.com/login] but found [https://luma.enablementadobe.com/var/community/cloudservices/twitterconnect.login.html/j_security_check?configid=a9dea3b044e912071cbffd4839016d2e]
at LumaPages.LoginPage.Clikc_Sign_inWithTwitter(LoginPage.java:160)
at LumaTestCases.LumaLoginTest.Login_With_Twitter(LumaLoginTest.java:105)
at java.base/java.util.ArrayList.forEach(ArrayList.java:1511)
... Removed 33 stack frames]]>
    </failure>
  </testcase> <!-- Login_With_Twitter -->
  <testcase classname="LumaTestCases.ProfileTest" name="ValidateProfilePicUpdate" time="20.532"/>
  <testcase classname="LumaTestCases.ProfileTest" name="validateEditProfileSettings" time="1.203"/>
  <testcase classname="LumaTestCases.ProfileTest" name="ValidateChangePassoword" time="0.837">
    <failure type="org.openqa.selenium.StaleElementReferenceException" message="stale element reference: stale element not found in the current frame
  (Session info: chrome=124.0.6367.201)
For documentation on this error, please visit: https://www.selenium.dev/documentation/webdriver/troubleshooting/errors#stale-element-reference-exception
Build info: version: &amp;apos;4.19.1&amp;apos;, revision: &amp;apos;abe0ee07dc&amp;apos;
System info: os.name: &amp;apos;Windows 11&amp;apos;, os.arch: &amp;apos;amd64&amp;apos;, os.version: &amp;apos;10.0&amp;apos;, java.version: &amp;apos;17.0.10&amp;apos;
Driver info: org.openqa.selenium.chrome.ChromeDriver
Command: [0d8986a98e09b50722bb27457448f52b, clickElement {id=f.7B5306B773EE70CF8444724D0B8C0A3E.d.C45B01351F28AD78C2B03076250EA4EF.e.197}]
Capabilities {acceptInsecureCerts: false, browserName: chrome, browserVersion: 124.0.6367.201, chrome: {chromedriverVersion: 124.0.6367.207 (a9001a6e39f..., userDataDir: C:\Users\Rahul\AppData\Loca...}, fedcm:accounts: true, goog:chromeOptions: {debuggerAddress: localhost:54570}, networkConnectionEnabled: false, pageLoadStrategy: normal, platformName: windows, proxy: Proxy(), se:cdp: ws://localhost:54570/devtoo..., se:cdpVersion: 124.0.6367.201, setWindowRect: true, strictFileInteractability: false, timeouts: {implicit: 0, pageLoad: 300000, script: 30000}, unhandledPromptBehavior: dismiss and notify, webauthn:extension:credBlob: true, webauthn:extension:largeBlob: true, webauthn:extension:minPinLength: true, webauthn:extension:prf: true, webauthn:virtualAuthenticators: true}
Element: [[ChromeDriver: chrome on windows (0d8986a98e09b50722bb27457448f52b)] -&amp;gt; xpath: //button[text()=&amp;apos;Change Password&amp;apos;]]
Session ID: 0d8986a98e09b50722bb27457448f52b">
      <![CDATA[org.openqa.selenium.StaleElementReferenceException: stale element reference: stale element not found in the current frame
  (Session info: chrome=124.0.6367.201)
For documentation on this error, please visit: https://www.selenium.dev/documentation/webdriver/troubleshooting/errors#stale-element-reference-exception
Build info: version: '4.19.1', revision: 'abe0ee07dc'
System info: os.name: 'Windows 11', os.arch: 'amd64', os.version: '10.0', java.version: '17.0.10'
Driver info: org.openqa.selenium.chrome.ChromeDriver
Command: [0d8986a98e09b50722bb27457448f52b, clickElement {id=f.7B5306B773EE70CF8444724D0B8C0A3E.d.C45B01351F28AD78C2B03076250EA4EF.e.197}]
Capabilities {acceptInsecureCerts: false, browserName: chrome, browserVersion: 124.0.6367.201, chrome: {chromedriverVersion: 124.0.6367.207 (a9001a6e39f..., userDataDir: C:\Users\Rahul\AppData\Loca...}, fedcm:accounts: true, goog:chromeOptions: {debuggerAddress: localhost:54570}, networkConnectionEnabled: false, pageLoadStrategy: normal, platformName: windows, proxy: Proxy(), se:cdp: ws://localhost:54570/devtoo..., se:cdpVersion: 124.0.6367.201, setWindowRect: true, strictFileInteractability: false, timeouts: {implicit: 0, pageLoad: 300000, script: 30000}, unhandledPromptBehavior: dismiss and notify, webauthn:extension:credBlob: true, webauthn:extension:largeBlob: true, webauthn:extension:minPinLength: true, webauthn:extension:prf: true, webauthn:virtualAuthenticators: true}
Element: [[ChromeDriver: chrome on windows (0d8986a98e09b50722bb27457448f52b)] -> xpath: //button[text()='Change Password']]
Session ID: 0d8986a98e09b50722bb27457448f52b
at org.openqa.selenium.remote.ErrorCodec.decode(ErrorCodec.java:167)
at org.openqa.selenium.remote.codec.w3c.W3CHttpResponseCodec.decode(W3CHttpResponseCodec.java:138)
at org.openqa.selenium.remote.codec.w3c.W3CHttpResponseCodec.decode(W3CHttpResponseCodec.java:50)
at org.openqa.selenium.remote.HttpCommandExecutor.execute(HttpCommandExecutor.java:190)
at org.openqa.selenium.remote.service.DriverCommandExecutor.invokeExecute(DriverCommandExecutor.java:216)
at org.openqa.selenium.remote.service.DriverCommandExecutor.execute(DriverCommandExecutor.java:174)
at org.openqa.selenium.remote.RemoteWebDriver.execute(RemoteWebDriver.java:518)
at org.openqa.selenium.remote.RemoteWebElement.execute(RemoteWebElement.java:223)
at org.openqa.selenium.remote.RemoteWebElement.click(RemoteWebElement.java:76)
at org.openqa.selenium.support.pagefactory.internal.LocatingElementHandler.invoke(LocatingElementHandler.java:51)
at jdk.proxy2/jdk.proxy2.$Proxy29.click(Unknown Source)
at LumaPages.ProfilePage.ClickChangePassword(ProfilePage.java:178)
at LumaTestCases.ProfileTest.ValidateChangePassoword(ProfileTest.java:72)
at java.base/java.util.ArrayList.forEach(ArrayList.java:1511)
... Removed 35 stack frames]]>
    </failure>
  </testcase> <!-- ValidateChangePassoword -->
  <testcase classname="LumaTestCases.AboutUsTestCase" name="ValidateAbouts" time="3.274"/>
  <testcase classname="LumaTestCases.AboutUsTestCase" name="ValidateContactLuma" time="7.876"/>
  <testcase classname="LumaTestCases.AboutUsTestCase" name="ValidateCoustmerService" time="6.086"/>
  <testcase classname="LumaTestCases.AboutUsTestCase" name="ValidatePrivacyPolicy" time="5.774"/>
  <testcase classname="LumaTestCases.CheckOutItems" name="ValidateAddCart" time="20.695"/>
  <testcase classname="LumaTestCases.CheckOutItems" name="EnterCheckOutInfo" time="15.284"/>
  <testcase classname="LumaTestCases.CheckOutItems" name="ValidateRemoveFromCart" time="15.678"/>
  <testcase classname="LumaTestCases.CreateLumaAccounTest" name="CreateAccounTest" time="10.637"/>
  <testcase classname="LumaTestCases.CreateLumaAccounTest" name="ValidateCreateAccountWithEmail" time="5.364"/>
  <testcase classname="LumaTestCases.CheckOutAllGendersShop" name="CheckOutWomenItems" time="55.344">
    <failure type="java.lang.NullPointerException" message="Cannot invoke &amp;quot;Object.getClass()&amp;quot; because &amp;quot;exceptionDriver&amp;quot; is null">
      <![CDATA[java.lang.NullPointerException: Cannot invoke "Object.getClass()" because "exceptionDriver" is null
at org.openqa.selenium.support.ui.WebDriverWait.timeoutException(WebDriverWait.java:85)
at org.openqa.selenium.support.ui.FluentWait.until(FluentWait.java:228)
at LumaPages.ShopNowPage.ClickOnCheckOutBtnLast(ShopNowPage.java:137)
at LumaTestCases.CheckOutAllGendersShop.CheckOutWomenItems(CheckOutAllGendersShop.java:47)
at java.base/java.util.ArrayList.forEach(ArrayList.java:1511)
... Removed 27 stack frames]]>
    </failure>
  </testcase> <!-- CheckOutWomenItems -->
  <testcase classname="LumaTestCases.CheckOutAllGendersShop" name="CheckOutMensItems" time="15.757">
    <failure type="org.openqa.selenium.NoSuchSessionException" message="Session ID is null. Using WebDriver after calling quit()?
Build info: version: &amp;apos;4.19.1&amp;apos;, revision: &amp;apos;abe0ee07dc&amp;apos;
System info: os.name: &amp;apos;Windows 11&amp;apos;, os.arch: &amp;apos;amd64&amp;apos;, os.version: &amp;apos;10.0&amp;apos;, java.version: &amp;apos;17.0.10&amp;apos;
Driver info: org.openqa.selenium.chrome.ChromeDriver
Command: [null, findElement {using=xpath, value=//a[text()=&amp;apos;Checkout&amp;apos;]}]
Capabilities {acceptInsecureCerts: false, browserName: chrome, browserVersion: 124.0.6367.201, chrome: {chromedriverVersion: 124.0.6367.207 (a9001a6e39f..., userDataDir: C:\Users\Rahul\AppData\Loca...}, fedcm:accounts: true, goog:chromeOptions: {debuggerAddress: localhost:54668}, networkConnectionEnabled: false, pageLoadStrategy: normal, platformName: windows, proxy: Proxy(), se:cdp: ws://localhost:54668/devtoo..., se:cdpVersion: 124.0.6367.201, setWindowRect: true, strictFileInteractability: false, timeouts: {implicit: 0, pageLoad: 300000, script: 30000}, unhandledPromptBehavior: dismiss and notify, webauthn:extension:credBlob: true, webauthn:extension:largeBlob: true, webauthn:extension:minPinLength: true, webauthn:extension:prf: true, webauthn:virtualAuthenticators: true}">
      <![CDATA[org.openqa.selenium.NoSuchSessionException: Session ID is null. Using WebDriver after calling quit()?
Build info: version: '4.19.1', revision: 'abe0ee07dc'
System info: os.name: 'Windows 11', os.arch: 'amd64', os.version: '10.0', java.version: '17.0.10'
Driver info: org.openqa.selenium.chrome.ChromeDriver
Command: [null, findElement {using=xpath, value=//a[text()='Checkout']}]
Capabilities {acceptInsecureCerts: false, browserName: chrome, browserVersion: 124.0.6367.201, chrome: {chromedriverVersion: 124.0.6367.207 (a9001a6e39f..., userDataDir: C:\Users\Rahul\AppData\Loca...}, fedcm:accounts: true, goog:chromeOptions: {debuggerAddress: localhost:54668}, networkConnectionEnabled: false, pageLoadStrategy: normal, platformName: windows, proxy: Proxy(), se:cdp: ws://localhost:54668/devtoo..., se:cdpVersion: 124.0.6367.201, setWindowRect: true, strictFileInteractability: false, timeouts: {implicit: 0, pageLoad: 300000, script: 30000}, unhandledPromptBehavior: dismiss and notify, webauthn:extension:credBlob: true, webauthn:extension:largeBlob: true, webauthn:extension:minPinLength: true, webauthn:extension:prf: true, webauthn:virtualAuthenticators: true}
at org.openqa.selenium.remote.HttpCommandExecutor.execute(HttpCommandExecutor.java:151)
at org.openqa.selenium.remote.service.DriverCommandExecutor.invokeExecute(DriverCommandExecutor.java:216)
at org.openqa.selenium.remote.service.DriverCommandExecutor.execute(DriverCommandExecutor.java:174)
at org.openqa.selenium.remote.RemoteWebDriver.execute(RemoteWebDriver.java:518)
at org.openqa.selenium.remote.ElementLocation$ElementFinder$2.findElement(ElementLocation.java:165)
at org.openqa.selenium.remote.ElementLocation.findElement(ElementLocation.java:59)
at org.openqa.selenium.remote.RemoteWebDriver.findElement(RemoteWebDriver.java:355)
at org.openqa.selenium.remote.RemoteWebDriver.findElement(RemoteWebDriver.java:349)
at org.openqa.selenium.support.pagefactory.DefaultElementLocator.findElement(DefaultElementLocator.java:68)
at org.openqa.selenium.support.pagefactory.internal.LocatingElementHandler.invoke(LocatingElementHandler.java:38)
at jdk.proxy2/jdk.proxy2.$Proxy29.isDisplayed(Unknown Source)
at org.openqa.selenium.support.ui.ExpectedConditions.elementIfVisible(ExpectedConditions.java:304)
at org.openqa.selenium.support.ui.ExpectedConditions$10.apply(ExpectedConditions.java:290)
at org.openqa.selenium.support.ui.ExpectedConditions$10.apply(ExpectedConditions.java:287)
at org.openqa.selenium.support.ui.FluentWait.until(FluentWait.java:203)
at LumaPages.ShopNowPage.ClickOnCheckOutBtnLast(ShopNowPage.java:137)
at LumaTestCases.CheckOutItems.EnterCheckOutInfo(CheckOutItems.java:54)
at LumaTestCases.CheckOutAllGendersShop.CheckOutMensItems(CheckOutAllGendersShop.java:79)
at java.base/java.util.ArrayList.forEach(ArrayList.java:1511)
... Removed 27 stack frames]]>
    </failure>
  </testcase> <!-- CheckOutMensItems -->
  <testcase classname="LumaTestCases.CheckOutAllGendersShop" name="CheckoutMensItemsBottom" time="33.572">
    <failure type="java.lang.NullPointerException" message="Cannot invoke &amp;quot;Object.getClass()&amp;quot; because &amp;quot;exceptionDriver&amp;quot; is null">
      <![CDATA[java.lang.NullPointerException: Cannot invoke "Object.getClass()" because "exceptionDriver" is null
at org.openqa.selenium.support.ui.WebDriverWait.timeoutException(WebDriverWait.java:85)
at org.openqa.selenium.support.ui.FluentWait.until(FluentWait.java:228)
at LumaPages.ShopByGender.ClickOnMainmenShp(ShopByGender.java:121)
at LumaTestCases.CheckOutAllGendersShop.CheckoutMensItemsBottom(CheckOutAllGendersShop.java:91)
at java.base/java.util.ArrayList.forEach(ArrayList.java:1511)
... Removed 27 stack frames]]>
    </failure>
  </testcase> <!-- CheckoutMensItemsBottom -->
  <testcase classname="LumaTestCases.CheckOutAllGendersShop" name="CheckOutEquipmentsItems" time="12.796">
    <failure type="org.openqa.selenium.NoSuchSessionException" message="Session ID is null. Using WebDriver after calling quit()?
Build info: version: &amp;apos;4.19.1&amp;apos;, revision: &amp;apos;abe0ee07dc&amp;apos;
System info: os.name: &amp;apos;Windows 11&amp;apos;, os.arch: &amp;apos;amd64&amp;apos;, os.version: &amp;apos;10.0&amp;apos;, java.version: &amp;apos;17.0.10&amp;apos;
Driver info: org.openqa.selenium.chrome.ChromeDriver
Command: [null, findElement {using=xpath, value=//a[text()=&amp;apos;Checkout&amp;apos;]}]
Capabilities {acceptInsecureCerts: false, browserName: chrome, browserVersion: 124.0.6367.201, chrome: {chromedriverVersion: 124.0.6367.207 (a9001a6e39f..., userDataDir: C:\Users\Rahul\AppData\Loca...}, fedcm:accounts: true, goog:chromeOptions: {debuggerAddress: localhost:54668}, networkConnectionEnabled: false, pageLoadStrategy: normal, platformName: windows, proxy: Proxy(), se:cdp: ws://localhost:54668/devtoo..., se:cdpVersion: 124.0.6367.201, setWindowRect: true, strictFileInteractability: false, timeouts: {implicit: 0, pageLoad: 300000, script: 30000}, unhandledPromptBehavior: dismiss and notify, webauthn:extension:credBlob: true, webauthn:extension:largeBlob: true, webauthn:extension:minPinLength: true, webauthn:extension:prf: true, webauthn:virtualAuthenticators: true}">
      <![CDATA[org.openqa.selenium.NoSuchSessionException: Session ID is null. Using WebDriver after calling quit()?
Build info: version: '4.19.1', revision: 'abe0ee07dc'
System info: os.name: 'Windows 11', os.arch: 'amd64', os.version: '10.0', java.version: '17.0.10'
Driver info: org.openqa.selenium.chrome.ChromeDriver
Command: [null, findElement {using=xpath, value=//a[text()='Checkout']}]
Capabilities {acceptInsecureCerts: false, browserName: chrome, browserVersion: 124.0.6367.201, chrome: {chromedriverVersion: 124.0.6367.207 (a9001a6e39f..., userDataDir: C:\Users\Rahul\AppData\Loca...}, fedcm:accounts: true, goog:chromeOptions: {debuggerAddress: localhost:54668}, networkConnectionEnabled: false, pageLoadStrategy: normal, platformName: windows, proxy: Proxy(), se:cdp: ws://localhost:54668/devtoo..., se:cdpVersion: 124.0.6367.201, setWindowRect: true, strictFileInteractability: false, timeouts: {implicit: 0, pageLoad: 300000, script: 30000}, unhandledPromptBehavior: dismiss and notify, webauthn:extension:credBlob: true, webauthn:extension:largeBlob: true, webauthn:extension:minPinLength: true, webauthn:extension:prf: true, webauthn:virtualAuthenticators: true}
at org.openqa.selenium.remote.HttpCommandExecutor.execute(HttpCommandExecutor.java:151)
at org.openqa.selenium.remote.service.DriverCommandExecutor.invokeExecute(DriverCommandExecutor.java:216)
at org.openqa.selenium.remote.service.DriverCommandExecutor.execute(DriverCommandExecutor.java:174)
at org.openqa.selenium.remote.RemoteWebDriver.execute(RemoteWebDriver.java:518)
at org.openqa.selenium.remote.ElementLocation$ElementFinder$2.findElement(ElementLocation.java:165)
at org.openqa.selenium.remote.ElementLocation.findElement(ElementLocation.java:59)
at org.openqa.selenium.remote.RemoteWebDriver.findElement(RemoteWebDriver.java:355)
at org.openqa.selenium.remote.RemoteWebDriver.findElement(RemoteWebDriver.java:349)
at org.openqa.selenium.support.pagefactory.DefaultElementLocator.findElement(DefaultElementLocator.java:68)
at org.openqa.selenium.support.pagefactory.internal.LocatingElementHandler.invoke(LocatingElementHandler.java:38)
at jdk.proxy2/jdk.proxy2.$Proxy29.isDisplayed(Unknown Source)
at org.openqa.selenium.support.ui.ExpectedConditions.elementIfVisible(ExpectedConditions.java:304)
at org.openqa.selenium.support.ui.ExpectedConditions$10.apply(ExpectedConditions.java:290)
at org.openqa.selenium.support.ui.ExpectedConditions$10.apply(ExpectedConditions.java:287)
at org.openqa.selenium.support.ui.FluentWait.until(FluentWait.java:203)
at LumaPages.ShopNowPage.ClickOnCheckOutBtnLast(ShopNowPage.java:137)
at LumaTestCases.CheckOutItems.EnterCheckOutInfo(CheckOutItems.java:54)
at LumaTestCases.CheckOutAllGendersShop.CheckOutEquipmentsItems(CheckOutAllGendersShop.java:128)
at java.base/java.util.ArrayList.forEach(ArrayList.java:1511)
... Removed 27 stack frames]]>
    </failure>
  </testcase> <!-- CheckOutEquipmentsItems -->
  <testcase classname="LumaTestCases.BlogTestCase" name="ValidateBlog1" time="6.312"/>
  <testcase classname="LumaTestCases.BlogTestCase" name="ValidateBlog2" time="6.033"/>
  <testcase classname="LumaTestCases.BlogTestCase" name="ValidateBlog3" time="5.829"/>
</testsuite> <!-- Test -->
