<?xml version="1.0" encoding="UTF-8"?>
<!-- Generated by org.testng.reporters.JUnitXMLReporter -->
<testsuite ignored="0" hostname="Rahul-Ramagiri" failures="0" tests="4" name="Default test" time="46.976" errors="0" timestamp="2024-05-08T11:55:21 IST">
  <testcase classname="LumaTestCases.AboutUsTestCase" name="ValidateAbouts" time="3.971"/>
  <testcase classname="LumaTestCases.AboutUsTestCase" name="ValidateContactLuma" time="7.402"/>
  <testcase classname="LumaTestCases.AboutUsTestCase" name="ValidateCoustmerService" time="5.842"/>
  <testcase classname="LumaTestCases.AboutUsTestCase" name="ValidatePrivacyPolicy" time="5.911"/>
</testsuite> <!-- Default test -->
