<?xml version="1.0" encoding="UTF-8"?>
<!-- Generated by org.testng.reporters.JUnitXMLReporter -->
<testsuite ignored="0" hostname="Rahul-Ramagiri" failures="0" tests="3" name="Default test" time="35.224" errors="0" timestamp="2024-05-12T19:56:22 IST">
  <testcase classname="LumaTestCases.BlogTestCase" name="ValidateBlog1" time="6.959"/>
  <testcase classname="LumaTestCases.BlogTestCase" name="ValidateBlog2" time="6.474"/>
  <testcase classname="LumaTestCases.BlogTestCase" name="ValidateBlog3" time="6.37"/>
</testsuite> <!-- Default test -->
