<?xml version="1.0" encoding="UTF-8"?>
<testng-results ignored="0" total="2" passed="2" failed="0" skipped="0">
  <reporter-output>
  </reporter-output>
  <suite started-at="2024-05-16T23:45:36 IST" name="Default suite" finished-at="2024-05-16T23:46:27 IST" duration-ms="51068">
    <groups>
    </groups>
    <test started-at="2024-05-16T23:45:36 IST" name="Default test" finished-at="2024-05-16T23:46:27 IST" duration-ms="51068">
      <class name="LumaTestCases.LumaCommunityTest">
        <test-method is-config="true" signature="Start()[pri:0, instance:LumaTestCases.LumaCommunityTest@78aea4b9]" started-at="2024-05-16T23:45:36 IST" name="Start" finished-at="2024-05-16T23:46:17 IST" duration-ms="41234" status="PASS">
          <reporter-output>
          </reporter-output>
        </test-method> <!-- Start -->
        <test-method signature="ValidateCommunityButton()[pri:1, instance:LumaTestCases.LumaCommunityTest@78aea4b9]" started-at="2024-05-16T23:46:18 IST" name="ValidateCommunityButton" finished-at="2024-05-16T23:46:23 IST" duration-ms="5142" status="PASS">
          <reporter-output>
          </reporter-output>
        </test-method> <!-- ValidateCommunityButton -->
        <test-method signature="ValidateMyaccountBtn()[pri:2, instance:LumaTestCases.LumaCommunityTest@78aea4b9]" started-at="2024-05-16T23:46:23 IST" name="ValidateMyaccountBtn" finished-at="2024-05-16T23:46:27 IST" duration-ms="4301" status="PASS">
          <reporter-output>
          </reporter-output>
        </test-method> <!-- ValidateMyaccountBtn -->
        <test-method is-config="true" signature="TearDown()[pri:0, instance:LumaTestCases.LumaCommunityTest@78aea4b9]" started-at="2024-05-16T23:46:27 IST" name="TearDown" finished-at="2024-05-16T23:46:27 IST" duration-ms="356" status="PASS">
          <reporter-output>
          </reporter-output>
        </test-method> <!-- TearDown -->
      </class> <!-- LumaTestCases.LumaCommunityTest -->
    </test> <!-- Default test -->
  </suite> <!-- Default suite -->
</testng-results>
