<?xml version="1.0" encoding="UTF-8"?>
<testng-results ignored="0" total="3" passed="3" failed="0" skipped="0">
  <reporter-output>
  </reporter-output>
  <suite started-at="2024-05-15T17:17:02 IST" name="Default suite" finished-at="2024-05-15T17:17:40 IST" duration-ms="38149">
    <groups>
    </groups>
    <test started-at="2024-05-15T17:17:02 IST" name="Default test" finished-at="2024-05-15T17:17:40 IST" duration-ms="38149">
      <class name="LumaTestCases.ProfileTest">
        <test-method is-config="true" signature="Start()[pri:0, instance:LumaTestCases.ProfileTest@452ba1db]" started-at="2024-05-15T17:17:02 IST" name="Start" finished-at="2024-05-15T17:17:15 IST" duration-ms="13164" status="PASS">
          <reporter-output>
          </reporter-output>
        </test-method> <!-- Start -->
        <test-method signature="ValidateProfilePicUpdate()[pri:1, instance:LumaTestCases.ProfileTest@452ba1db]" started-at="2024-05-15T17:17:15 IST" name="ValidateProfilePicUpdate" finished-at="2024-05-15T17:17:36 IST" duration-ms="20641" status="PASS">
          <reporter-output>
          </reporter-output>
        </test-method> <!-- ValidateProfilePicUpdate -->
        <test-method signature="validateEditProfileSettings()[pri:2, instance:LumaTestCases.ProfileTest@452ba1db]" started-at="2024-05-15T17:17:38 IST" name="validateEditProfileSettings" finished-at="2024-05-15T17:17:39 IST" duration-ms="1199" status="PASS">
          <reporter-output>
          </reporter-output>
        </test-method> <!-- validateEditProfileSettings -->
        <test-method signature="ValidateChangePassoword()[pri:3, instance:LumaTestCases.ProfileTest@452ba1db]" started-at="2024-05-15T17:17:39 IST" name="ValidateChangePassoword" finished-at="2024-05-15T17:17:40 IST" duration-ms="597" status="PASS">
          <reporter-output>
          </reporter-output>
        </test-method> <!-- ValidateChangePassoword -->
        <test-method is-config="true" signature="TearDown()[pri:0, instance:LumaTestCases.ProfileTest@452ba1db]" started-at="2024-05-15T17:17:40 IST" name="TearDown" finished-at="2024-05-15T17:17:40 IST" duration-ms="431" status="PASS">
          <reporter-output>
          </reporter-output>
        </test-method> <!-- TearDown -->
      </class> <!-- LumaTestCases.ProfileTest -->
    </test> <!-- Default test -->
  </suite> <!-- Default suite -->
</testng-results>
