<?xml version="1.0" encoding="UTF-8"?>
<testng-results ignored="0" total="4" passed="4" failed="0" skipped="0">
  <reporter-output>
  </reporter-output>
  <suite started-at="2024-05-08T11:54:34 IST" name="Default suite" finished-at="2024-05-08T11:55:21 IST" duration-ms="46976">
    <groups>
    </groups>
    <test started-at="2024-05-08T11:54:34 IST" name="Default test" finished-at="2024-05-08T11:55:21 IST" duration-ms="46976">
      <class name="LumaTestCases.AboutUsTestCase">
        <test-method is-config="true" signature="Start()[pri:0, instance:LumaTestCases.AboutUsTestCase@652a7737]" started-at="2024-05-08T11:54:34 IST" name="Start" finished-at="2024-05-08T11:54:58 IST" duration-ms="23682" status="PASS">
          <reporter-output>
          </reporter-output>
        </test-method> <!-- Start -->
        <test-method signature="ValidateAbouts()[pri:0, instance:LumaTestCases.AboutUsTestCase@652a7737]" started-at="2024-05-08T11:54:58 IST" name="ValidateAbouts" finished-at="2024-05-08T11:55:02 IST" duration-ms="3971" status="PASS">
          <reporter-output>
          </reporter-output>
        </test-method> <!-- ValidateAbouts -->
        <test-method signature="ValidateContactLuma()[pri:0, instance:LumaTestCases.AboutUsTestCase@652a7737]" started-at="2024-05-08T11:55:02 IST" name="ValidateContactLuma" finished-at="2024-05-08T11:55:09 IST" duration-ms="7402" status="PASS">
          <reporter-output>
          </reporter-output>
        </test-method> <!-- ValidateContactLuma -->
        <test-method signature="ValidateCoustmerService()[pri:0, instance:LumaTestCases.AboutUsTestCase@652a7737]" started-at="2024-05-08T11:55:09 IST" name="ValidateCoustmerService" finished-at="2024-05-08T11:55:15 IST" duration-ms="5842" status="PASS">
          <reporter-output>
          </reporter-output>
        </test-method> <!-- ValidateCoustmerService -->
        <test-method signature="ValidatePrivacyPolicy()[pri:0, instance:LumaTestCases.AboutUsTestCase@652a7737]" started-at="2024-05-08T11:55:15 IST" name="ValidatePrivacyPolicy" finished-at="2024-05-08T11:55:21 IST" duration-ms="5911" status="PASS">
          <reporter-output>
          </reporter-output>
        </test-method> <!-- ValidatePrivacyPolicy -->
        <test-method is-config="true" signature="TearDown()[pri:0, instance:LumaTestCases.AboutUsTestCase@652a7737]" started-at="2024-05-08T11:55:21 IST" name="TearDown" finished-at="2024-05-08T11:55:21 IST" duration-ms="113" status="PASS">
          <reporter-output>
          </reporter-output>
        </test-method> <!-- TearDown -->
      </class> <!-- LumaTestCases.AboutUsTestCase -->
    </test> <!-- Default test -->
  </suite> <!-- Default suite -->
</testng-results>
